<?xml version="1.0" encoding="UTF-8"?>
<testng-results skipped="0" failed="0" ignored="0" total="1" passed="1">
  <reporter-output>
  </reporter-output>
  <suite name="Default suite" duration-ms="8586" started-at="2018-06-06T06:05:51Z" finished-at="2018-06-06T06:05:59Z">
    <groups>
    </groups>
    <test name="Default test" duration-ms="8586" started-at="2018-06-06T06:05:51Z" finished-at="2018-06-06T06:05:59Z">
      <class name="dataprovide.firstpage">
        <test-method status="PASS" signature="initialize()[pri:0, instance:dataprovide.firstpage@167fdd33]" name="initialize" duration-ms="8570" started-at="2018-06-06T06:05:51Z" finished-at="2018-06-06T06:05:59Z">
          <reporter-output>
          </reporter-output>
        </test-method> <!-- initialize -->
      </class> <!-- dataprovide.firstpage -->
    </test> <!-- Default test -->
  </suite> <!-- Default suite -->
</testng-results>
